<?xml version="1.0" encoding="UTF-8"?>
<testng-results ignored="0" total="1" passed="1" failed="0" skipped="0">
  <reporter-output>
  </reporter-output>
  <suite started-at="2025-01-28T19:49:48 IST" name="Suite" finished-at="2025-01-28T19:50:04 IST" duration-ms="15593">
    <groups>
    </groups>
    <test started-at="2025-01-28T19:49:48 IST" name="Test" finished-at="2025-01-28T19:50:04 IST" duration-ms="15593">
      <class name="browsers.InvokeDynamicBrowser">
        <test-method is-config="true" signature="openBrowser(java.lang.String)[pri:0, instance:browsers.InvokeDynamicBrowser@59474f18]" started-at="2025-01-28T19:49:49 IST" name="openBrowser" finished-at="2025-01-28T19:49:58 IST" duration-ms="9225" status="PASS">
          <params>
            <param index="0">
              <value>
                <![CDATA[chrome]]>
              </value>
            </param>
          </params>
          <reporter-output>
          </reporter-output>
        </test-method> <!-- openBrowser -->
        <test-method signature="verifyHomePageTitle()[pri:0, instance:browsers.InvokeDynamicBrowser@59474f18]" started-at="2025-01-28T19:49:58 IST" name="verifyHomePageTitle" finished-at="2025-01-28T19:50:00 IST" duration-ms="1960" status="PASS">
          <reporter-output>
          </reporter-output>
        </test-method> <!-- verifyHomePageTitle -->
        <test-method is-config="true" signature="quitBrowser()[pri:0, instance:browsers.InvokeDynamicBrowser@59474f18]" started-at="2025-01-28T19:50:00 IST" name="quitBrowser" finished-at="2025-01-28T19:50:04 IST" duration-ms="4257" status="PASS">
          <reporter-output>
          </reporter-output>
        </test-method> <!-- quitBrowser -->
      </class> <!-- browsers.InvokeDynamicBrowser -->
    </test> <!-- Test -->
  </suite> <!-- Suite -->
</testng-results>
